TN:
SF:app.js
FNF:0
FNH:0
DA:1,3
DA:2,3
DA:4,3
DA:5,3
DA:6,3
DA:8,3
DA:9,3
DA:11,3
DA:13,3
LF:9
LH:9
BRF:0
BRH:0
end_of_record
TN:
SF:controllers\category_controller.js
FN:5,(anonymous_0)
FN:19,(anonymous_1)
FN:32,(anonymous_2)
FN:43,(anonymous_3)
FN:58,(anonymous_4)
FNF:5
FNH:3
FNDA:1,(anonymous_0)
FNDA:1,(anonymous_1)
FNDA:1,(anonymous_2)
FNDA:0,(anonymous_3)
FNDA:0,(anonymous_4)
DA:1,3
DA:6,1
DA:7,1
DA:12,1
DA:14,0
DA:20,1
DA:21,1
DA:26,1
DA:28,0
DA:33,1
DA:34,1
DA:35,1
DA:39,0
DA:44,0
DA:45,0
DA:46,0
DA:47,0
DA:49,0
DA:50,0
DA:54,0
DA:59,0
DA:60,0
DA:61,0
DA:62,0
DA:64,0
DA:65,0
DA:67,0
DA:72,3
LF:28
LH:11
BRDA:47,0,0,0
BRDA:47,0,1,0
BRDA:62,1,0,0
BRDA:62,1,1,0
BRF:4
BRH:0
end_of_record
TN:
SF:controllers\product_controller.js
FN:7,(anonymous_0)
FN:20,(anonymous_1)
FN:32,(anonymous_2)
FN:44,(anonymous_3)
FN:57,(anonymous_4)
FN:72,(anonymous_5)
FN:85,(anonymous_6)
FNF:7
FNH:6
FNDA:1,(anonymous_0)
FNDA:1,(anonymous_1)
FNDA:2,(anonymous_2)
FNDA:2,(anonymous_3)
FNDA:2,(anonymous_4)
FNDA:2,(anonymous_5)
FNDA:0,(anonymous_6)
DA:1,3
DA:2,3
DA:3,3
DA:8,1
DA:9,1
DA:13,1
DA:15,0
DA:21,1
DA:22,1
DA:26,1
DA:28,0
DA:33,2
DA:34,2
DA:35,2
DA:36,2
DA:38,1
DA:40,1
DA:45,2
DA:46,2
DA:47,2
DA:48,1
DA:52,1
DA:53,1
DA:58,2
DA:59,2
DA:60,2
DA:61,2
DA:63,1
DA:64,1
DA:68,1
DA:73,2
DA:74,2
DA:75,2
DA:76,2
DA:78,1
DA:79,1
DA:81,1
DA:86,0
DA:87,0
DA:88,0
DA:89,0
DA:91,0
DA:96,0
DA:110,0
DA:111,0
DA:113,0
DA:118,3
LF:47
LH:36
BRDA:36,0,0,1
BRDA:36,0,1,1
BRDA:61,1,0,1
BRDA:61,1,1,1
BRDA:76,2,0,1
BRDA:76,2,1,1
BRDA:89,3,0,0
BRDA:89,3,1,0
BRF:8
BRH:6
end_of_record
TN:
SF:controllers\user_controller.js
FN:10,(anonymous_0)
FN:34,(anonymous_1)
FN:65,(anonymous_2)
FNF:3
FNH:2
FNDA:5,(anonymous_0)
FNDA:0,(anonymous_1)
FNDA:3,(anonymous_2)
DA:1,3
DA:2,3
DA:3,3
DA:6,3
DA:7,3
DA:11,5
DA:12,5
DA:13,5
DA:14,4
DA:16,3
DA:17,3
DA:19,2
DA:20,2
DA:22,1
DA:24,1
DA:30,4
DA:35,0
DA:36,0
DA:37,0
DA:41,0
DA:43,0
DA:44,0
DA:54,0
DA:55,0
DA:61,0
DA:66,3
DA:67,3
DA:68,1
DA:70,2
DA:75,3
LF:30
LH:21
BRDA:13,0,0,1
BRDA:13,0,1,4
BRDA:14,1,0,1
BRDA:14,1,1,3
BRDA:17,2,0,1
BRDA:17,2,1,2
BRDA:20,3,0,1
BRDA:20,3,1,1
BRF:8
BRH:8
end_of_record
TN:
SF:helpers\brcypt.js
FN:3,(anonymous_0)
FN:7,(anonymous_1)
FNF:2
FNH:2
FNDA:6,(anonymous_0)
FNDA:2,(anonymous_1)
DA:1,3
DA:3,3
DA:4,6
DA:7,3
DA:8,2
DA:11,3
LF:6
LH:6
BRF:0
BRH:0
end_of_record
TN:
SF:helpers\jwt.js
FN:4,(anonymous_0)
FN:8,(anonymous_1)
FNF:2
FNH:2
FNDA:4,(anonymous_0)
FNDA:13,(anonymous_1)
DA:1,3
DA:2,3
DA:4,3
DA:5,4
DA:8,3
DA:9,13
DA:12,3
LF:7
LH:7
BRF:0
BRH:0
end_of_record
TN:
SF:middlewares\authentication.js
FN:4,(anonymous_0)
FNF:1
FNH:1
FNDA:19,(anonymous_0)
DA:1,3
DA:2,3
DA:4,3
DA:5,19
DA:6,19
DA:7,19
DA:9,19
DA:10,19
DA:12,13
DA:13,13
DA:15,13
DA:16,13
DA:17,13
DA:19,13
DA:20,13
DA:22,6
DA:26,3
LF:17
LH:17
BRDA:7,0,0,0
BRDA:7,0,1,19
BRDA:10,1,0,6
BRDA:10,1,1,13
BRDA:13,2,0,0
BRDA:13,2,1,13
BRDA:17,3,0,0
BRDA:17,3,1,13
BRF:8
BRH:5
end_of_record
TN:
SF:middlewares\authorization.js
FN:1,(anonymous_0)
FNF:1
FNH:1
FNDA:9,(anonymous_0)
DA:1,3
DA:2,9
DA:3,9
DA:4,7
DA:6,2
DA:10,3
LF:6
LH:6
BRDA:3,0,0,2
BRDA:3,0,1,7
BRF:2
BRH:2
end_of_record
TN:
SF:middlewares\error_handler.js
FN:1,(anonymous_0)
FNF:1
FNH:1
FNDA:18,(anonymous_0)
DA:1,3
DA:2,18
DA:4,2
DA:5,2
DA:7,1
DA:8,1
DA:10,1
DA:11,1
DA:13,1
DA:14,1
DA:16,1
DA:17,1
DA:19,0
DA:20,0
DA:23,6
DA:24,6
DA:26,2
DA:27,2
DA:29,1
DA:30,1
DA:32,3
DA:33,3
DA:35,0
DA:36,0
DA:40,3
LF:25
LH:21
BRDA:2,0,0,2
BRDA:2,0,1,1
BRDA:2,0,2,1
BRDA:2,0,3,1
BRDA:2,0,4,1
BRDA:2,0,5,0
BRDA:2,0,6,6
BRDA:2,0,7,6
BRDA:2,0,8,2
BRDA:2,0,9,1
BRDA:2,0,10,3
BRDA:2,0,11,0
BRF:12
BRH:10
end_of_record
TN:
SF:models\category.js
FN:3,(anonymous_0)
FN:10,(anonymous_1)
FNF:2
FNH:2
FNDA:3,(anonymous_0)
FNDA:3,(anonymous_1)
DA:2,3
DA:3,3
DA:12,3
DA:15,3
DA:35,3
LF:5
LH:5
BRF:0
BRH:0
end_of_record
TN:
SF:models\index.js
FN:21,(anonymous_0)
FN:29,(anonymous_1)
FN:34,(anonymous_2)
FNF:3
FNH:3
FNDA:12,(anonymous_0)
FNDA:9,(anonymous_1)
FNDA:9,(anonymous_2)
DA:3,3
DA:4,3
DA:5,3
DA:6,3
DA:7,3
DA:8,3
DA:9,3
DA:10,3
DA:13,3
DA:14,0
DA:16,3
DA:19,3
DA:22,12
DA:30,9
DA:31,9
DA:34,3
DA:35,9
DA:36,9
DA:40,3
DA:41,3
DA:43,3
LF:21
LH:20
BRDA:8,0,0,3
BRDA:8,0,1,0
BRDA:13,1,0,0
BRDA:13,1,1,3
BRDA:23,2,0,12
BRDA:23,2,1,12
BRDA:23,2,2,9
BRDA:23,2,3,9
BRDA:35,3,0,9
BRDA:35,3,1,0
BRF:10
BRH:7
end_of_record
TN:
SF:models\product.js
FN:3,(anonymous_0)
FN:10,(anonymous_1)
FNF:2
FNH:2
FNDA:3,(anonymous_0)
FNDA:3,(anonymous_1)
DA:2,3
DA:3,3
DA:12,3
DA:13,3
DA:16,3
DA:97,3
LF:6
LH:6
BRF:0
BRH:0
end_of_record
TN:
SF:models\user.js
FN:4,(anonymous_0)
FN:11,(anonymous_1)
FN:76,(anonymous_2)
FNF:3
FNH:3
FNDA:3,(anonymous_0)
FNDA:3,(anonymous_1)
FNDA:6,(anonymous_2)
DA:2,3
DA:3,3
DA:4,3
DA:13,3
DA:16,3
DA:77,6
DA:78,6
DA:85,3
LF:8
LH:8
BRF:0
BRH:0
end_of_record
TN:
SF:routers\category.js
FNF:0
FNH:0
DA:1,3
DA:2,3
DA:3,3
DA:4,3
DA:6,3
DA:8,3
DA:9,3
DA:10,3
DA:11,3
DA:13,3
LF:10
LH:10
BRF:0
BRH:0
end_of_record
TN:
SF:routers\index.js
FN:12,(anonymous_0)
FNF:1
FNH:0
FNDA:0,(anonymous_0)
DA:1,3
DA:2,3
DA:4,3
DA:5,3
DA:6,3
DA:7,3
DA:8,3
DA:9,3
DA:10,3
DA:12,3
DA:13,0
DA:16,3
DA:17,3
DA:18,3
DA:20,3
DA:21,3
DA:24,3
DA:25,3
DA:26,3
DA:28,3
DA:29,3
LF:21
LH:20
BRF:0
BRH:0
end_of_record
TN:
SF:routers\product.js
FNF:0
FNH:0
DA:1,3
DA:2,3
DA:3,3
DA:4,3
DA:6,3
DA:7,3
DA:8,3
DA:10,3
DA:11,3
DA:12,3
DA:13,3
DA:15,3
LF:12
LH:12
BRF:0
BRH:0
end_of_record
